<?xml version="1.0" encoding="UTF-8"?>
<!-- Generated by org.testng.reporters.JUnitReportReporter -->
<testsuite skipped="0" hostname="A0992L" name="Pages.ExcelReadData" tests="3" failures="0" timestamp="24 Dec 2019 07:33:02 GMT" time="41.946" errors="0">
  <testcase name="Test" time="13.912" classname="Pages.ExcelReadData"/>
  <testcase name="Test" time="12.933" classname="Pages.ExcelReadData"/>
  <testcase name="Test" time="15.101" classname="Pages.ExcelReadData"/>
</testsuite> <!-- Pages.ExcelReadData -->
